# JRE version: Java(TM) SE Runtime Environment (21.0.5+9) (build 21.0.5+9-LTS-239)
# Java VM: Java HotSpot(TM) 64-Bit Server VM (21.0.5+9-LTS-239, mixed mode, sharing, tiered, compressed oops, compressed class ptrs, g1 gc, windows-amd64)
GC Precious Log:
 CardTable entry size: 512
 Card Set container configuration: InlinePtr #cards 5 size 8 Array Of Cards #cards 12 size 40 Howl #buckets 4 coarsen threshold 1843 Howl Bitmap #cards 512 size 80 coarsen threshold 460 Card regions per heap region 1 cards per card region 2048
 CPUs: 12 total, 12 available
 Memory: 5996M
 Large Page Support: Disabled
 NUMA Support: Disabled
 Compressed Oops: Enabled (32-bit)
 Heap Region Size: 1M
 Heap Min Capacity: 8M
 Heap Initial Capacity: 94M
 Heap Max Capacity: 512M
 Pre-touch: Disabled
 Parallel Workers: 10
 Concurrent Workers: 3
 Concurrent Refinement Workers: 10
 Periodic GC: Disabled
Heap:
 garbage-first heap   total 61440K, used 27157K [0x00000000e0000000, 0x0000000100000000)
  region size 1024K, 5 young (5120K), 3 survivors (3072K)
 Metaspace       used 57154K, committed 57792K, reserved 1114112K
  class space    used 7823K, committed 8128K, reserved 1048576K
GC Heap History (20 events):
Event: 0.862 GC heap before
{Heap before GC invocations=0 (full 0):
 garbage-first heap   total 96256K, used 24576K [0x00000000e0000000, 0x0000000100000000)
  region size 1024K, 23 young (23552K), 0 survivors (0K)
 Metaspace       used 5911K, committed 6144K, reserved 1114112K
  class space    used 723K, committed 832K, reserved 1048576K
}
Event: 0.870 GC heap after
{Heap after GC invocations=1 (full 0):
 garbage-first heap   total 96256K, used 10780K [0x00000000e0000000, 0x0000000100000000)
  region size 1024K, 3 young (3072K), 3 survivors (3072K)
 Metaspace       used 5911K, committed 6144K, reserved 1114112K
  class space    used 723K, committed 832K, reserved 1048576K
}
Event: 1.545 GC heap before
{Heap before GC invocations=1 (full 0):
 garbage-first heap   total 96256K, used 34332K [0x00000000e0000000, 0x0000000100000000)
  region size 1024K, 26 young (26624K), 3 survivors (3072K)
 Metaspace       used 11455K, committed 11776K, reserved 1114112K
  class space    used 1483K, committed 1664K, reserved 1048576K
}
Event: 1.550 GC heap after
{Heap after GC invocations=2 (full 0):
 garbage-first heap   total 96256K, used 12809K [0x00000000e0000000, 0x0000000100000000)
  region size 1024K, 2 young (2048K), 2 survivors (2048K)
 Metaspace       used 11455K, committed 11776K, reserved 1114112K
  class space    used 1483K, committed 1664K, reserved 1048576K
}
Event: 2.438 GC heap before
{Heap before GC invocations=2 (full 0):
 garbage-first heap   total 96256K, used 51721K [0x00000000e0000000, 0x0000000100000000)
  region size 1024K, 41 young (41984K), 2 survivors (2048K)
 Metaspace       used 20974K, committed 21376K, reserved 1114112K
  class space    used 2719K, committed 2880K, reserved 1048576K
}
Event: 2.443 GC heap after
{Heap after GC invocations=3 (full 0):
 garbage-first heap   total 96256K, used 15176K [0x00000000e0000000, 0x0000000100000000)
  region size 1024K, 5 young (5120K), 5 survivors (5120K)
 Metaspace       used 20974K, committed 21376K, reserved 1114112K
  class space    used 2719K, committed 2880K, reserved 1048576K
}
Event: 2.452 GC heap before
{Heap before GC invocations=3 (full 0):
 garbage-first heap   total 96256K, used 16200K [0x00000000e0000000, 0x0000000100000000)
  region size 1024K, 7 young (7168K), 5 survivors (5120K)
 Metaspace       used 21183K, committed 21504K, reserved 1114112K
  class space    used 2742K, committed 2880K, reserved 1048576K
}
Event: 2.455 GC heap after
{Heap after GC invocations=4 (full 0):
 garbage-first heap   total 96256K, used 15431K [0x00000000e0000000, 0x0000000100000000)
  region size 1024K, 3 young (3072K), 3 survivors (3072K)
 Metaspace       used 21183K, committed 21504K, reserved 1114112K
  class space    used 2742K, committed 2880K, reserved 1048576K
}
Event: 3.028 GC heap before
{Heap before GC invocations=5 (full 0):
 garbage-first heap   total 61440K, used 48199K [0x00000000e0000000, 0x0000000100000000)
  region size 1024K, 36 young (36864K), 3 survivors (3072K)
 Metaspace       used 26627K, committed 27072K, reserved 1114112K
  class space    used 3348K, committed 3520K, reserved 1048576K
}
Event: 3.032 GC heap after
{Heap after GC invocations=6 (full 0):
 garbage-first heap   total 61440K, used 18062K [0x00000000e0000000, 0x0000000100000000)
  region size 1024K, 5 young (5120K), 5 survivors (5120K)
 Metaspace       used 26627K, committed 27072K, reserved 1114112K
  class space    used 3348K, committed 3520K, reserved 1048576K
}
Event: 3.677 GC heap before
{Heap before GC invocations=6 (full 0):
 garbage-first heap   total 61440K, used 46734K [0x00000000e0000000, 0x0000000100000000)
  region size 1024K, 33 young (33792K), 5 survivors (5120K)
 Metaspace       used 30973K, committed 31424K, reserved 1114112K
  class space    used 4012K, committed 4224K, reserved 1048576K
}
Event: 3.682 GC heap after
{Heap after GC invocations=7 (full 0):
 garbage-first heap   total 61440K, used 19640K [0x00000000e0000000, 0x0000000100000000)
  region size 1024K, 2 young (2048K), 2 survivors (2048K)
 Metaspace       used 30973K, committed 31424K, reserved 1114112K
  class space    used 4012K, committed 4224K, reserved 1048576K
}
Event: 4.349 GC heap before
{Heap before GC invocations=7 (full 0):
 garbage-first heap   total 61440K, used 48312K [0x00000000e0000000, 0x0000000100000000)
  region size 1024K, 31 young (31744K), 2 survivors (2048K)
 Metaspace       used 35554K, committed 36096K, reserved 1114112K
  class space    used 4626K, committed 4864K, reserved 1048576K
}
Event: 4.353 GC heap after
{Heap after GC invocations=8 (full 0):
 garbage-first heap   total 61440K, used 21953K [0x00000000e0000000, 0x0000000100000000)
  region size 1024K, 4 young (4096K), 4 survivors (4096K)
 Metaspace       used 35554K, committed 36096K, reserved 1114112K
  class space    used 4626K, committed 4864K, reserved 1048576K
}
Event: 5.104 GC heap before
{Heap before GC invocations=9 (full 0):
 garbage-first heap   total 61440K, used 49601K [0x00000000e0000000, 0x0000000100000000)
  region size 1024K, 32 young (32768K), 4 survivors (4096K)
 Metaspace       used 42112K, committed 42688K, reserved 1114112K
  class space    used 5657K, committed 5952K, reserved 1048576K
}
Event: 5.109 GC heap after
{Heap after GC invocations=10 (full 0):
 garbage-first heap   total 61440K, used 23894K [0x00000000e0000000, 0x0000000100000000)
  region size 1024K, 2 young (2048K), 2 survivors (2048K)
 Metaspace       used 42112K, committed 42688K, reserved 1114112K
  class space    used 5657K, committed 5952K, reserved 1048576K
}
Event: 9.465 GC heap before
{Heap before GC invocations=10 (full 0):
 garbage-first heap   total 61440K, used 51542K [0x00000000e0000000, 0x0000000100000000)
  region size 1024K, 29 young (29696K), 2 survivors (2048K)
 Metaspace       used 48983K, committed 49600K, reserved 1114112K
  class space    used 6510K, committed 6784K, reserved 1048576K
}
Event: 9.469 GC heap after
{Heap after GC invocations=11 (full 0):
 garbage-first heap   total 61440K, used 25135K [0x00000000e0000000, 0x0000000100000000)
  region size 1024K, 4 young (4096K), 4 survivors (4096K)
 Metaspace       used 48983K, committed 49600K, reserved 1114112K
  class space    used 6510K, committed 6784K, reserved 1048576K
}
Event: 10.048 GC heap before
{Heap before GC invocations=11 (full 0):
 garbage-first heap   total 61440K, used 50735K [0x00000000e0000000, 0x0000000100000000)
  region size 1024K, 30 young (30720K), 4 survivors (4096K)
 Metaspace       used 56770K, committed 57408K, reserved 1114112K
  class space    used 7757K, committed 8064K, reserved 1048576K
}
Event: 10.051 GC heap after
{Heap after GC invocations=12 (full 0):
 garbage-first heap   total 61440K, used 26133K [0x00000000e0000000, 0x0000000100000000)
  region size 1024K, 3 young (3072K), 3 survivors (3072K)
 Metaspace       used 56770K, committed 57408K, reserved 1114112K
  class space    used 7757K, committed 8064K, reserved 1048576K
}

