# JRE version: OpenJDK Runtime Environment Temurin-21.0.5+11 (21.0.5+11) (build 21.0.5+11-LTS)
# Java VM: OpenJDK 64-Bit Server VM Temurin-21.0.5+11 (21.0.5+11-LTS, mixed mode, sharing, tiered, compressed oops, compressed class ptrs, g1 gc, windows-amd64)
GC Precious Log:
 CardTable entry size: 512
 Card Set container configuration: InlinePtr #cards 5 size 8 Array Of Cards #cards 12 size 40 Howl #buckets 4 coarsen threshold 1843 Howl Bitmap #cards 512 size 80 coarsen threshold 460 Card regions per heap region 1 cards per card region 2048
 CPUs: 12 total, 12 available
 Memory: 5996M
 Large Page Support: Disabled
 NUMA Support: Disabled
 Compressed Oops: Enabled (32-bit)
 Heap Region Size: 1M
 Heap Min Capacity: 8M
 Heap Initial Capacity: 94M
 Heap Max Capacity: 1500M
 Pre-touch: Disabled
 Parallel Workers: 10
 Concurrent Workers: 3
 Concurrent Refinement Workers: 10
 Periodic GC: Disabled
Heap:
 garbage-first heap   total 97280K, used 68347K [0x00000000a2400000, 0x0000000100000000)
  region size 1024K, 36 young (36864K), 2 survivors (2048K)
 Metaspace       used 81174K, committed 81920K, reserved 1179648K
  class space    used 10364K, committed 10688K, reserved 1048576K
GC Heap History (20 events):
Event: 7.106 GC heap before
{Heap before GC invocations=12 (full 0):
 garbage-first heap   total 77824K, used 66676K [0x00000000a2400000, 0x0000000100000000)
  region size 1024K, 43 young (44032K), 5 survivors (5120K)
 Metaspace       used 67564K, committed 68160K, reserved 1114112K
  class space    used 9028K, committed 9280K, reserved 1048576K
}
Event: 7.112 GC heap after
{Heap after GC invocations=13 (full 0):
 garbage-first heap   total 77824K, used 31211K [0x00000000a2400000, 0x0000000100000000)
  region size 1024K, 6 young (6144K), 6 survivors (6144K)
 Metaspace       used 67564K, committed 68160K, reserved 1114112K
  class space    used 9028K, committed 9280K, reserved 1048576K
}
Event: 7.902 GC heap before
{Heap before GC invocations=13 (full 0):
 garbage-first heap   total 77824K, used 65003K [0x00000000a2400000, 0x0000000100000000)
  region size 1024K, 39 young (39936K), 6 survivors (6144K)
 Metaspace       used 73757K, committed 74560K, reserved 1114112K
  class space    used 9819K, committed 10176K, reserved 1048576K
}
Event: 7.910 GC heap after
{Heap after GC invocations=14 (full 0):
 garbage-first heap   total 77824K, used 34108K [0x00000000a2400000, 0x0000000100000000)
  region size 1024K, 4 young (4096K), 4 survivors (4096K)
 Metaspace       used 73757K, committed 74560K, reserved 1114112K
  class space    used 9819K, committed 10176K, reserved 1048576K
}
Event: 47.057 GC heap before
{Heap before GC invocations=14 (full 0):
 garbage-first heap   total 77824K, used 66876K [0x00000000a2400000, 0x0000000100000000)
  region size 1024K, 37 young (37888K), 4 survivors (4096K)
 Metaspace       used 80703K, committed 81472K, reserved 1179648K
  class space    used 10333K, committed 10688K, reserved 1048576K
}
Event: 47.180 GC heap after
{Heap after GC invocations=15 (full 0):
 garbage-first heap   total 77824K, used 35546K [0x00000000a2400000, 0x0000000100000000)
  region size 1024K, 2 young (2048K), 2 survivors (2048K)
 Metaspace       used 80703K, committed 81472K, reserved 1179648K
  class space    used 10333K, committed 10688K, reserved 1048576K
}
Event: 195.395 GC heap before
{Heap before GC invocations=15 (full 0):
 garbage-first heap   total 77824K, used 68314K [0x00000000a2400000, 0x0000000100000000)
  region size 1024K, 34 young (34816K), 2 survivors (2048K)
 Metaspace       used 80814K, committed 81600K, reserved 1179648K
  class space    used 10333K, committed 10688K, reserved 1048576K
}
Event: 195.447 GC heap after
{Heap after GC invocations=16 (full 0):
 garbage-first heap   total 77824K, used 35479K [0x00000000a2400000, 0x0000000100000000)
  region size 1024K, 2 young (2048K), 2 survivors (2048K)
 Metaspace       used 80814K, committed 81600K, reserved 1179648K
  class space    used 10333K, committed 10688K, reserved 1048576K
}
Event: 360.798 GC heap before
{Heap before GC invocations=17 (full 0):
 garbage-first heap   total 77824K, used 69271K [0x00000000a2400000, 0x0000000100000000)
  region size 1024K, 35 young (35840K), 2 survivors (2048K)
 Metaspace       used 80894K, committed 81664K, reserved 1179648K
  class space    used 10333K, committed 10688K, reserved 1048576K
}
Event: 360.836 GC heap after
{Heap after GC invocations=18 (full 0):
 garbage-first heap   total 77824K, used 35474K [0x00000000a2400000, 0x0000000100000000)
  region size 1024K, 2 young (2048K), 2 survivors (2048K)
 Metaspace       used 80894K, committed 81664K, reserved 1179648K
  class space    used 10333K, committed 10688K, reserved 1048576K
}
Event: 534.241 GC heap before
{Heap before GC invocations=18 (full 0):
 garbage-first heap   total 77824K, used 68242K [0x00000000a2400000, 0x0000000100000000)
  region size 1024K, 35 young (35840K), 2 survivors (2048K)
 Metaspace       used 80922K, committed 81728K, reserved 1179648K
  class space    used 10333K, committed 10688K, reserved 1048576K
}
Event: 534.303 GC heap after
{Heap after GC invocations=19 (full 0):
 garbage-first heap   total 77824K, used 35037K [0x00000000a2400000, 0x0000000100000000)
  region size 1024K, 2 young (2048K), 2 survivors (2048K)
 Metaspace       used 80922K, committed 81728K, reserved 1179648K
  class space    used 10333K, committed 10688K, reserved 1048576K
}
Event: 711.108 GC heap before
{Heap before GC invocations=19 (full 0):
 garbage-first heap   total 77824K, used 69853K [0x00000000a2400000, 0x0000000100000000)
  region size 1024K, 36 young (36864K), 2 survivors (2048K)
 Metaspace       used 80931K, committed 81728K, reserved 1179648K
  class space    used 10333K, committed 10688K, reserved 1048576K
}
Event: 711.191 GC heap after
{Heap after GC invocations=20 (full 0):
 garbage-first heap   total 77824K, used 35025K [0x00000000a2400000, 0x0000000100000000)
  region size 1024K, 2 young (2048K), 2 survivors (2048K)
 Metaspace       used 80931K, committed 81728K, reserved 1179648K
  class space    used 10333K, committed 10688K, reserved 1048576K
}
Event: 892.651 GC heap before
{Heap before GC invocations=21 (full 0):
 garbage-first heap   total 77824K, used 69841K [0x00000000a2400000, 0x0000000100000000)
  region size 1024K, 36 young (36864K), 2 survivors (2048K)
 Metaspace       used 80935K, committed 81728K, reserved 1179648K
  class space    used 10333K, committed 10688K, reserved 1048576K
}
Event: 892.719 GC heap after
{Heap after GC invocations=22 (full 0):
 garbage-first heap   total 97280K, used 34994K [0x00000000a2400000, 0x0000000100000000)
  region size 1024K, 2 young (2048K), 2 survivors (2048K)
 Metaspace       used 80935K, committed 81728K, reserved 1179648K
  class space    used 10333K, committed 10688K, reserved 1048576K
}
Event: 1173.693 GC heap before
{Heap before GC invocations=22 (full 0):
 garbage-first heap   total 97280K, used 88242K [0x00000000a2400000, 0x0000000100000000)
  region size 1024K, 54 young (55296K), 2 survivors (2048K)
 Metaspace       used 80941K, committed 81728K, reserved 1179648K
  class space    used 10333K, committed 10688K, reserved 1048576K
}
Event: 1173.795 GC heap after
{Heap after GC invocations=23 (full 0):
 garbage-first heap   total 97280K, used 34607K [0x00000000a2400000, 0x0000000100000000)
  region size 1024K, 2 young (2048K), 2 survivors (2048K)
 Metaspace       used 80941K, committed 81728K, reserved 1179648K
  class space    used 10333K, committed 10688K, reserved 1048576K
}
Event: 1461.958 GC heap before
{Heap before GC invocations=23 (full 0):
 garbage-first heap   total 97280K, used 87855K [0x00000000a2400000, 0x0000000100000000)
  region size 1024K, 54 young (55296K), 2 survivors (2048K)
 Metaspace       used 80950K, committed 81728K, reserved 1179648K
  class space    used 10333K, committed 10688K, reserved 1048576K
}
Event: 1462.154 GC heap after
{Heap after GC invocations=24 (full 0):
 garbage-first heap   total 97280K, used 34555K [0x00000000a2400000, 0x0000000100000000)
  region size 1024K, 2 young (2048K), 2 survivors (2048K)
 Metaspace       used 80950K, committed 81728K, reserved 1179648K
  class space    used 10333K, committed 10688K, reserved 1048576K
}

